#
# A fatal error has been detected by the Java Runtime Environment:
#
#  Internal Error (signature.cpp:120), pid=767, tid=5891
#  Error: ShouldNotReachHere()
#
# JRE version: Java(TM) SE Runtime Environment (8.0_65-b17) (build 1.8.0_65-b17)
# Java VM: Java HotSpot(TM) 64-Bit Server VM (25.65-b01 mixed mode bsd-amd64 compressed oops)
# Failed to write core dump. Core dumps have been disabled. To enable core dumping, try "ulimit -c unlimited" before starting Java again
#
# If you would like to submit a bug report, please visit:
#   http://bugreport.java.com/bugreport/crash.jsp
#

---------------  T H R E A D  ---------------

Current thread (0x00007fd6ac804000):  JavaThread "main" [_thread_in_vm, id=5891, stack(0x000070000011a000,0x000070000021a000)]

Stack: [0x000070000011a000,0x000070000021a000],  sp=0x0000700000215cb0,  free space=1007k
Native frames: (J=compiled Java code, j=interpreted, Vv=VM code, C=native code)
V  [libjvm.dylib+0x5a6522]
V  [libjvm.dylib+0x1e6857]
V  [libjvm.dylib+0x4f809d]
V  [libjvm.dylib+0x4f837a]
V  [libjvm.dylib+0x446fb8]
V  [libjvm.dylib+0x1844df]
V  [libjvm.dylib+0x185026]
V  [libjvm.dylib+0x187ab8]
V  [libjvm.dylib+0x189e55]
V  [libjvm.dylib+0x53345b]
V  [libjvm.dylib+0x532dd9]
V  [libjvm.dylib+0x53385c]
V  [libjvm.dylib+0x533ed9]
V  [libjvm.dylib+0x1e17aa]
V  [libjvm.dylib+0x1f1a6e]
V  [libjvm.dylib+0x2e6664]
j  java.util.WeakHashMap.newTable(I)[Ljava/util/WeakHashMap$Entry;+1
j  java.util.WeakHashMap.<init>(IF)V+112
j  java.util.WeakHashMap.<init>()V+5
j  java.lang.ClassLoader$ParallelLoaders.<clinit>()V+4
v  ~StubRoutines::call_stub
V  [libjvm.dylib+0x2eab02]
V  [libjvm.dylib+0x2bdc5d]
V  [libjvm.dylib+0x2bf165]
V  [libjvm.dylib+0x2bf3fb]
V  [libjvm.dylib+0x3ca316]
V  [libjvm.dylib+0x3ca52a]
V  [libjvm.dylib+0x3ca5eb]
V  [libjvm.dylib+0x2e4ef1]
j  java.lang.ClassLoader.registerAsParallelCapable()Z+10
j  java.security.SecureClassLoader.<clinit>()V+8
v  ~StubRoutines::call_stub
V  [libjvm.dylib+0x2eab02]
V  [libjvm.dylib+0x2bdc5d]
V  [libjvm.dylib+0x2bf165]
V  [libjvm.dylib+0x2bf3fb]
V  [libjvm.dylib+0x2befa3]
V  [libjvm.dylib+0x2bf3fb]
V  [libjvm.dylib+0x2befa3]
V  [libjvm.dylib+0x2bf3fb]
V  [libjvm.dylib+0x3ca316]
V  [libjvm.dylib+0x3ca52a]
V  [libjvm.dylib+0x3ca5eb]
V  [libjvm.dylib+0x2e4ef1]
j  sun.misc.Launcher.<init>()V+4
j  sun.misc.Launcher.<clinit>()V+15
v  ~StubRoutines::call_stub
V  [libjvm.dylib+0x2eab02]
V  [libjvm.dylib+0x2bdc5d]
V  [libjvm.dylib+0x2bf165]
V  [libjvm.dylib+0x2bf3fb]
V  [libjvm.dylib+0x3ca316]
V  [libjvm.dylib+0x3ca52a]
V  [libjvm.dylib+0x3ca5eb]
V  [libjvm.dylib+0x2e4ef1]
j  java.lang.ClassLoader.initSystemClassLoader()V+22
j  java.lang.ClassLoader.getSystemClassLoader()Ljava/lang/ClassLoader;+0
v  ~StubRoutines::call_stub
V  [libjvm.dylib+0x2eab02]
V  [libjvm.dylib+0x2eacfd]
V  [libjvm.dylib+0x2eae75]
V  [libjvm.dylib+0x53445b]
V  [libjvm.dylib+0x563f2a]
V  [libjvm.dylib+0x320efd]
C  [java+0x30c1]  JavaMain+0x134
C  [libsystem_pthread.dylib+0x399d]  _pthread_body+0x83
C  [libsystem_pthread.dylib+0x391a]  _pthread_body+0x0
C  [libsystem_pthread.dylib+0x1351]  thread_start+0xd
C  0x0000000000000000

Java frames: (J=compiled Java code, j=interpreted, Vv=VM code)
j  java.util.WeakHashMap.newTable(I)[Ljava/util/WeakHashMap$Entry;+1
j  java.util.WeakHashMap.<init>(IF)V+112
j  java.util.WeakHashMap.<init>()V+5
j  java.lang.ClassLoader$ParallelLoaders.<clinit>()V+4
v  ~StubRoutines::call_stub
j  java.lang.ClassLoader.registerAsParallelCapable()Z+10
j  java.security.SecureClassLoader.<clinit>()V+8
v  ~StubRoutines::call_stub
j  sun.misc.Launcher.<init>()V+4
j  sun.misc.Launcher.<clinit>()V+15
v  ~StubRoutines::call_stub
j  java.lang.ClassLoader.initSystemClassLoader()V+22
j  java.lang.ClassLoader.getSystemClassLoader()Ljava/lang/ClassLoader;+0
v  ~StubRoutines::call_stub

---------------  P R O C E S S  ---------------

Java Threads: ( => current thread )
  0x00007fd6ad806800 JavaThread "Finalizer" daemon [_thread_blocked, id=12291, stack(0x000070000082f000,0x000070000092f000)]
  0x00007fd6ac81b000 JavaThread "Reference Handler" daemon [_thread_blocked, id=11779, stack(0x000070000072c000,0x000070000082c000)]
=>0x00007fd6ac804000 JavaThread "main" [_thread_in_vm, id=5891, stack(0x000070000011a000,0x000070000021a000)]

Other Threads:
  0x00007fd6ac818800 VMThread [stack: 0x0000700000629000,0x0000700000729000] [id=11267]

VM state:not at safepoint (normal execution)

VM Mutex/Monitor currently owned by a thread: None

Heap:
 PSYoungGen      total 38400K, used 1331K [0x0000000795580000, 0x0000000798000000, 0x00000007c0000000)
  eden space 33280K, 4% used [0x0000000795580000,0x00000007956ccd80,0x0000000797600000)
  from space 5120K, 0% used [0x0000000797b00000,0x0000000797b00000,0x0000000798000000)
  to   space 5120K, 0% used [0x0000000797600000,0x0000000797600000,0x0000000797b00000)
 ParOldGen       total 87552K, used 0K [0x0000000740000000, 0x0000000745580000, 0x0000000795580000)
  object space 87552K, 0% used [0x0000000740000000,0x0000000740000000,0x0000000745580000)
 Metaspace       used 1698K, capacity 4480K, committed 4480K, reserved 1056768K
  class space    used 186K, capacity 384K, committed 384K, reserved 1048576K

Card table byte_map: [0x0000000119bc0000,0x0000000119fc1000] byte_map_base: 0x00000001161c0000

Marking Bits: (ParMarkBitMap*) 0x0000000109845e20
 Begin Bits: [0x000000011a26c000, 0x000000011c26c000)
 End Bits:   [0x000000011c26c000, 0x000000011e26c000)

Polling page: 0x0000000109f37000

CodeCache: size=245760Kb used=422Kb max_used=422Kb free=245337Kb
 bounds [0x000000010a800000, 0x000000010aa70000, 0x0000000119800000]
 total_blobs=144 nmethods=0 adapters=111
 compilation: enabled

Compilation events (0 events):
No events

GC Heap History (0 events):
No events

Deoptimization events (0 events):
No events

Internal exceptions (2 events):
Event: 0.274 Thread 0x00007fd6ac804000 Exception <a 'java/lang/NoSuchMethodError': Method sun.misc.Unsafe.defineClass(Ljava/lang/String;[BII)Ljava/lang/Class; name or signature does not match> (0x0000000795592dd8) thrown at [/Users/java_re/workspace/8-2-build-macosx-x86_64/jdk8u65/4987/hotspot
Event: 0.275 Thread 0x00007fd6ac804000 Exception <a 'java/lang/NoSuchMethodError': Method sun.misc.Unsafe.prefetchRead(Ljava/lang/Object;J)V name or signature does not match> (0x00000007955930c0) thrown at [/Users/java_re/workspace/8-2-build-macosx-x86_64/jdk8u65/4987/hotspot/src/share/vm/prim

Events (10 events):
Event: 0.295 loading class java/lang/Compiler$1 done
Event: 0.295 loading class sun/misc/Launcher$Factory
Event: 0.295 loading class java/net/URLStreamHandlerFactory
Event: 0.295 loading class java/net/URLStreamHandlerFactory done
Event: 0.295 loading class sun/misc/Launcher$Factory done
Event: 0.295 loading class sun/security/util/Debug
Event: 0.295 loading class sun/security/util/Debug done
Event: 0.296 loading class java/lang/ClassLoader$ParallelLoaders
Event: 0.296 loading class java/lang/ClassLoader$ParallelLoaders done
Event: 0.296 loading class java/util/WeakHashMap$Entry


Dynamic libraries:
0x0000000000b69000 	/System/Library/Frameworks/Cocoa.framework/Versions/A/Cocoa
0x0000000000b69000 	/System/Library/Frameworks/Security.framework/Versions/A/Security
0x0000000000b69000 	/System/Library/Frameworks/ApplicationServices.framework/Versions/A/ApplicationServices
0x0000000000b69000 	/usr/lib/libz.1.dylib
0x0000000000b69000 	/usr/lib/libSystem.B.dylib
0x0000000000b69000 	/usr/lib/libobjc.A.dylib
0x0000000000b69000 	/System/Library/Frameworks/CoreFoundation.framework/Versions/A/CoreFoundation
0x0000000000b69000 	/System/Library/Frameworks/Foundation.framework/Versions/C/Foundation
0x0000000000b69000 	/System/Library/Frameworks/AppKit.framework/Versions/C/AppKit
0x0000000000b69000 	/System/Library/Frameworks/CoreData.framework/Versions/A/CoreData
0x0000000000b69000 	/System/Library/PrivateFrameworks/RemoteViewServices.framework/Versions/A/RemoteViewServices
0x0000000000b69000 	/System/Library/PrivateFrameworks/UIFoundation.framework/Versions/A/UIFoundation
0x0000000000b69000 	/usr/lib/libScreenReader.dylib
0x0000000000b69000 	/System/Library/Frameworks/Accelerate.framework/Versions/A/Accelerate
0x0000000000b69000 	/System/Library/Frameworks/IOSurface.framework/Versions/A/IOSurface
0x0000000000b69000 	/System/Library/Frameworks/AudioToolbox.framework/Versions/A/AudioToolbox
0x0000000000b69000 	/System/Library/Frameworks/AudioUnit.framework/Versions/A/AudioUnit
0x0000000000b69000 	/System/Library/PrivateFrameworks/DataDetectorsCore.framework/Versions/A/DataDetectorsCore
0x0000000000b69000 	/System/Library/PrivateFrameworks/DesktopServicesPriv.framework/Versions/A/DesktopServicesPriv
0x0000000000b69000 	/System/Library/Frameworks/Carbon.framework/Versions/A/Frameworks/HIToolbox.framework/Versions/A/HIToolbox
0x0000000000b69000 	/System/Library/Frameworks/QuartzCore.framework/Versions/A/QuartzCore
0x0000000000b69000 	/System/Library/Frameworks/Carbon.framework/Versions/A/Frameworks/SpeechRecognition.framework/Versions/A/SpeechRecognition
0x0000000000b69000 	/usr/lib/libauto.dylib
0x0000000000b69000 	/usr/lib/libicucore.A.dylib
0x0000000000b69000 	/usr/lib/libxml2.2.dylib
0x0000000000b69000 	/System/Library/PrivateFrameworks/CoreUI.framework/Versions/A/CoreUI
0x0000000000b69000 	/System/Library/Frameworks/CoreAudio.framework/Versions/A/CoreAudio
0x0000000000b69000 	/System/Library/Frameworks/DiskArbitration.framework/Versions/A/DiskArbitration
0x0000000000b69000 	/usr/lib/liblangid.dylib
0x0000000000b69000 	/System/Library/PrivateFrameworks/MultitouchSupport.framework/Versions/A/MultitouchSupport
0x0000000000b69000 	/System/Library/Frameworks/IOKit.framework/Versions/A/IOKit
0x0000000000b69000 	/usr/lib/libDiagnosticMessagesClient.dylib
0x0000000000b69000 	/System/Library/Frameworks/CoreServices.framework/Versions/A/CoreServices
0x0000000000b69000 	/System/Library/PrivateFrameworks/PerformanceAnalysis.framework/Versions/A/PerformanceAnalysis
0x0000000000b69000 	/System/Library/PrivateFrameworks/GenerationalStorage.framework/Versions/A/GenerationalStorage
0x0000000000b69000 	/System/Library/Frameworks/OpenGL.framework/Versions/A/OpenGL
0x0000000000b69000 	/System/Library/PrivateFrameworks/Sharing.framework/Versions/A/Sharing
0x0000000000b69000 	/System/Library/Frameworks/CoreGraphics.framework/Versions/A/CoreGraphics
0x0000000000b69000 	/System/Library/Frameworks/CoreImage.framework/Versions/A/CoreImage
0x0000000000b69000 	/System/Library/Frameworks/CoreText.framework/Versions/A/CoreText
0x0000000000b69000 	/System/Library/Frameworks/ImageIO.framework/Versions/A/ImageIO
0x0000000000b69000 	/System/Library/PrivateFrameworks/Backup.framework/Versions/A/Backup
0x0000000000b69000 	/usr/lib/libextension.dylib
0x0000000000b69000 	/usr/lib/libarchive.2.dylib
0x0000000000b69000 	/System/Library/Frameworks/CFNetwork.framework/Versions/A/CFNetwork
0x0000000000b69000 	/System/Library/Frameworks/SystemConfiguration.framework/Versions/A/SystemConfiguration
0x0000000000b69000 	/usr/lib/libCRFSuite.dylib
0x0000000000b69000 	/usr/lib/libc++.1.dylib
0x0000000000b69000 	/usr/lib/libc++abi.dylib
0x0000000000b69000 	/usr/lib/system/libcache.dylib
0x0000000000b69000 	/usr/lib/system/libcommonCrypto.dylib
0x0000000000b69000 	/usr/lib/system/libcompiler_rt.dylib
0x0000000000b69000 	/usr/lib/system/libcopyfile.dylib
0x0000000000b69000 	/usr/lib/system/libcorecrypto.dylib
0x0000000000b69000 	/usr/lib/system/libdispatch.dylib
0x0000000000b69000 	/usr/lib/system/libdyld.dylib
0x0000000000b69000 	/usr/lib/system/libkeymgr.dylib
0x0000000000b69000 	/usr/lib/system/liblaunch.dylib
0x0000000000b69000 	/usr/lib/system/libmacho.dylib
0x0000000000b69000 	/usr/lib/system/libquarantine.dylib
0x0000000000b69000 	/usr/lib/system/libremovefile.dylib
0x0000000000b69000 	/usr/lib/system/libsystem_asl.dylib
0x0000000000b69000 	/usr/lib/system/libsystem_blocks.dylib
0x0000000000b69000 	/usr/lib/system/libsystem_c.dylib
0x0000000000b69000 	/usr/lib/system/libsystem_configuration.dylib
0x0000000000b69000 	/usr/lib/system/libsystem_coreservices.dylib
0x0000000000b69000 	/usr/lib/system/libsystem_coretls.dylib
0x0000000000b69000 	/usr/lib/system/libsystem_dnssd.dylib
0x0000000000b69000 	/usr/lib/system/libsystem_info.dylib
0x0000000000b69000 	/usr/lib/system/libsystem_kernel.dylib
0x0000000000b69000 	/usr/lib/system/libsystem_m.dylib
0x0000000000b69000 	/usr/lib/system/libsystem_malloc.dylib
0x0000000000b69000 	/usr/lib/system/libsystem_network.dylib
0x0000000000b69000 	/usr/lib/system/libsystem_networkextension.dylib
0x0000000000b69000 	/usr/lib/system/libsystem_notify.dylib
0x0000000000b69000 	/usr/lib/system/libsystem_platform.dylib
0x0000000000b69000 	/usr/lib/system/libsystem_pthread.dylib
0x0000000000b69000 	/usr/lib/system/libsystem_sandbox.dylib
0x0000000000b69000 	/usr/lib/system/libsystem_secinit.dylib
0x0000000000b69000 	/usr/lib/system/libsystem_trace.dylib
0x0000000000b69000 	/usr/lib/system/libunc.dylib
0x0000000000b69000 	/usr/lib/system/libunwind.dylib
0x0000000000b69000 	/usr/lib/system/libxpc.dylib
0x0000000000b69000 	/usr/lib/libenergytrace.dylib
0x0000000000b69000 	/usr/lib/libbsm.0.dylib
0x0000000000b69000 	/usr/lib/system/libkxld.dylib
0x0000000000b69000 	/usr/lib/libxar.1.dylib
0x0000000000b69000 	/usr/lib/libsqlite3.dylib
0x0000000000b69000 	/usr/lib/libpam.2.dylib
0x0000000000b69000 	/usr/lib/libOpenScriptingUtil.dylib
0x0000000000b69000 	/usr/lib/libbz2.1.0.dylib
0x0000000000b69000 	/usr/lib/liblzma.5.dylib
0x0000000000b69000 	/System/Library/Frameworks/CoreServices.framework/Versions/A/Frameworks/FSEvents.framework/Versions/A/FSEvents
0x0000000000b69000 	/System/Library/Frameworks/CoreServices.framework/Versions/A/Frameworks/CarbonCore.framework/Versions/A/CarbonCore
0x0000000000b69000 	/System/Library/Frameworks/CoreServices.framework/Versions/A/Frameworks/Metadata.framework/Versions/A/Metadata
0x0000000000b69000 	/System/Library/Frameworks/CoreServices.framework/Versions/A/Frameworks/OSServices.framework/Versions/A/OSServices
0x0000000000b69000 	/System/Library/Frameworks/CoreServices.framework/Versions/A/Frameworks/SearchKit.framework/Versions/A/SearchKit
0x0000000000b69000 	/System/Library/Frameworks/CoreServices.framework/Versions/A/Frameworks/AE.framework/Versions/A/AE
0x0000000000b69000 	/System/Library/Frameworks/CoreServices.framework/Versions/A/Frameworks/LaunchServices.framework/Versions/A/LaunchServices
0x0000000000b69000 	/System/Library/Frameworks/CoreServices.framework/Versions/A/Frameworks/DictionaryServices.framework/Versions/A/DictionaryServices
0x0000000000b69000 	/System/Library/Frameworks/CoreServices.framework/Versions/A/Frameworks/SharedFileList.framework/Versions/A/SharedFileList
0x0000000000b69000 	/System/Library/Frameworks/NetFS.framework/Versions/A/NetFS
0x0000000000b69000 	/System/Library/PrivateFrameworks/NetAuth.framework/Versions/A/NetAuth
0x0000000000b69000 	/System/Library/PrivateFrameworks/login.framework/Versions/A/Frameworks/loginsupport.framework/Versions/A/loginsupport
0x0000000000b69000 	/System/Library/PrivateFrameworks/TCC.framework/Versions/A/TCC
0x0000000000b69000 	/usr/lib/libmecabra.dylib
0x0000000000b69000 	/System/Library/Frameworks/ApplicationServices.framework/Versions/A/Frameworks/ATS.framework/Versions/A/ATS
0x0000000000b69000 	/System/Library/Frameworks/ApplicationServices.framework/Versions/A/Frameworks/ColorSync.framework/Versions/A/ColorSync
0x0000000000b69000 	/System/Library/Frameworks/ApplicationServices.framework/Versions/A/Frameworks/HIServices.framework/Versions/A/HIServices
0x0000000000b69000 	/System/Library/Frameworks/ApplicationServices.framework/Versions/A/Frameworks/LangAnalysis.framework/Versions/A/LangAnalysis
0x0000000000b69000 	/System/Library/Frameworks/ApplicationServices.framework/Versions/A/Frameworks/PrintCore.framework/Versions/A/PrintCore
0x0000000000b69000 	/System/Library/Frameworks/ApplicationServices.framework/Versions/A/Frameworks/QD.framework/Versions/A/QD
0x0000000000b69000 	/System/Library/Frameworks/ApplicationServices.framework/Versions/A/Frameworks/SpeechSynthesis.framework/Versions/A/SpeechSynthesis
0x0000000000b69000 	/System/Library/Frameworks/Metal.framework/Versions/A/Metal
0x0000000000b69000 	/System/Library/Frameworks/Accelerate.framework/Versions/A/Frameworks/vImage.framework/Versions/A/vImage
0x0000000000b69000 	/System/Library/Frameworks/Accelerate.framework/Versions/A/Frameworks/vecLib.framework/Versions/A/vecLib
0x0000000000b69000 	/System/Library/Frameworks/Accelerate.framework/Versions/A/Frameworks/vecLib.framework/Versions/A/libvDSP.dylib
0x0000000000b69000 	/System/Library/Frameworks/Accelerate.framework/Versions/A/Frameworks/vecLib.framework/Versions/A/libvMisc.dylib
0x0000000000b69000 	/System/Library/Frameworks/Accelerate.framework/Versions/A/Frameworks/vecLib.framework/Versions/A/libLAPACK.dylib
0x0000000000b69000 	/System/Library/Frameworks/Accelerate.framework/Versions/A/Frameworks/vecLib.framework/Versions/A/libBLAS.dylib
0x0000000000b69000 	/System/Library/Frameworks/Accelerate.framework/Versions/A/Frameworks/vecLib.framework/Versions/A/libLinearAlgebra.dylib
0x0000000000b69000 	/System/Library/Frameworks/Accelerate.framework/Versions/A/Frameworks/vecLib.framework/Versions/A/libSparseBLAS.dylib
0x0000000000b69000 	/System/Library/PrivateFrameworks/GPUCompiler.framework/libmetal_timestamp.dylib
0x0000000000b69000 	/System/Library/Frameworks/OpenGL.framework/Versions/A/Libraries/libCoreFSCache.dylib
0x0000000000b69000 	/System/Library/PrivateFrameworks/IOAccelerator.framework/Versions/A/IOAccelerator
0x0000000000b69000 	/System/Library/Frameworks/ApplicationServices.framework/Versions/A/Frameworks/ATS.framework/Versions/A/Resources/libFontParser.dylib
0x0000000000b69000 	/System/Library/Frameworks/ApplicationServices.framework/Versions/A/Frameworks/ATS.framework/Versions/A/Resources/libFontRegistry.dylib
0x0000000000b69000 	/System/Library/PrivateFrameworks/AppleVPA.framework/Versions/A/AppleVPA
0x0000000000b69000 	/System/Library/PrivateFrameworks/AppleJPEG.framework/Versions/A/AppleJPEG
0x0000000000b69000 	/System/Library/Frameworks/ImageIO.framework/Versions/A/Resources/libJPEG.dylib
0x0000000000b69000 	/System/Library/Frameworks/ImageIO.framework/Versions/A/Resources/libTIFF.dylib
0x0000000000b69000 	/System/Library/Frameworks/ImageIO.framework/Versions/A/Resources/libPng.dylib
0x0000000000b69000 	/System/Library/Frameworks/ImageIO.framework/Versions/A/Resources/libGIF.dylib
0x0000000000b69000 	/System/Library/Frameworks/ImageIO.framework/Versions/A/Resources/libJP2.dylib
0x0000000000b69000 	/System/Library/Frameworks/ImageIO.framework/Versions/A/Resources/libRadiance.dylib
0x0000000000b69000 	/System/Library/Frameworks/CoreVideo.framework/Versions/A/CoreVideo
0x0000000000b69000 	/System/Library/Frameworks/OpenGL.framework/Versions/A/Libraries/libGLU.dylib
0x0000000000b69000 	/System/Library/Frameworks/OpenGL.framework/Versions/A/Libraries/libGFXShared.dylib
0x0000000000b69000 	/System/Library/Frameworks/OpenGL.framework/Versions/A/Libraries/libGL.dylib
0x0000000000b69000 	/System/Library/Frameworks/OpenGL.framework/Versions/A/Libraries/libGLImage.dylib
0x0000000000b69000 	/System/Library/Frameworks/OpenGL.framework/Versions/A/Libraries/libCVMSPluginSupport.dylib
0x0000000000b69000 	/System/Library/Frameworks/OpenGL.framework/Versions/A/Libraries/libCoreVMClient.dylib
0x0000000000b69000 	/usr/lib/libcups.2.dylib
0x0000000000b69000 	/System/Library/Frameworks/Kerberos.framework/Versions/A/Kerberos
0x0000000000b69000 	/System/Library/Frameworks/GSS.framework/Versions/A/GSS
0x0000000000b69000 	/usr/lib/libresolv.9.dylib
0x0000000000b69000 	/usr/lib/libiconv.2.dylib
0x0000000000b69000 	/System/Library/PrivateFrameworks/Heimdal.framework/Versions/A/Heimdal
0x0000000000b69000 	/usr/lib/libheimdal-asn1.dylib
0x0000000000b69000 	/System/Library/Frameworks/OpenDirectory.framework/Versions/A/OpenDirectory
0x0000000000b69000 	/System/Library/PrivateFrameworks/CommonAuth.framework/Versions/A/CommonAuth
0x0000000000b69000 	/System/Library/Frameworks/OpenDirectory.framework/Versions/A/Frameworks/CFOpenDirectory.framework/Versions/A/CFOpenDirectory
0x0000000000b69000 	/System/Library/Frameworks/SecurityFoundation.framework/Versions/A/SecurityFoundation
0x0000000000b69000 	/System/Library/PrivateFrameworks/LanguageModeling.framework/Versions/A/LanguageModeling
0x0000000000b69000 	/usr/lib/libmarisa.dylib
0x0000000000b69000 	/usr/lib/libChineseTokenizer.dylib
0x0000000000b69000 	/usr/lib/libcmph.dylib
0x0000000000b69000 	/usr/lib/libcompression.dylib
0x0000000000b69000 	/System/Library/Frameworks/ServiceManagement.framework/Versions/A/ServiceManagement
0x0000000000b69000 	/usr/lib/libxslt.1.dylib
0x0000000000b69000 	/System/Library/Frameworks/Carbon.framework/Versions/A/Frameworks/Ink.framework/Versions/A/Ink
0x0000000000b69000 	/usr/lib/libFosl_dynamic.dylib
0x0000000000b69000 	/System/Library/PrivateFrameworks/FaceCore.framework/Versions/A/FaceCore
0x0000000000b69000 	/System/Library/Frameworks/OpenCL.framework/Versions/A/OpenCL
0x0000000000b69000 	/System/Library/PrivateFrameworks/CrashReporterSupport.framework/Versions/A/CrashReporterSupport
0x0000000000b69000 	/System/Library/PrivateFrameworks/IconServices.framework/Versions/A/IconServices
0x0000000000b69000 	/System/Library/PrivateFrameworks/Apple80211.framework/Versions/A/Apple80211
0x0000000000b69000 	/System/Library/Frameworks/CoreWLAN.framework/Versions/A/CoreWLAN
0x0000000000b69000 	/System/Library/Frameworks/IOBluetooth.framework/Versions/A/IOBluetooth
0x0000000000b69000 	/System/Library/PrivateFrameworks/CoreWiFi.framework/Versions/A/CoreWiFi
0x0000000000b69000 	/System/Library/Frameworks/CoreBluetooth.framework/Versions/A/CoreBluetooth
0x0000000000b69000 	/System/Library/PrivateFrameworks/ChunkingLibrary.framework/Versions/A/ChunkingLibrary
0x0000000000b69000 	/System/Library/PrivateFrameworks/DebugSymbols.framework/Versions/A/DebugSymbols
0x0000000000b69000 	/System/Library/PrivateFrameworks/CoreSymbolication.framework/Versions/A/CoreSymbolication
0x0000000000b69000 	/System/Library/PrivateFrameworks/Symbolication.framework/Versions/A/Symbolication
0x0000000000b69000 	/System/Library/PrivateFrameworks/SpeechRecognitionCore.framework/Versions/A/SpeechRecognitionCore
0x0000000108f67000 	/Library/Java/JavaVirtualMachines/jdk1.8.0_65.jdk/Contents/Home/jre/lib/server/libjvm.dylib
0x0000000000b69000 	/usr/lib/libstdc++.6.dylib
0x0000000109ef4000 	/Library/Java/JavaVirtualMachines/jdk1.8.0_65.jdk/Contents/Home/jre/lib/libverify.dylib
0x0000000109f02000 	/Library/Java/JavaVirtualMachines/jdk1.8.0_65.jdk/Contents/Home/jre/lib/libjava.dylib
0x0000000109f41000 	/Library/Java/JavaVirtualMachines/jdk1.8.0_65.jdk/Contents/Home/jre/lib/libzip.dylib
0x00000001200b7000 	/System/Library/Frameworks/JavaVM.framework/Frameworks/JavaRuntimeSupport.framework/JavaRuntimeSupport
0x00000001200d2000 	/System/Library/Frameworks/JavaVM.framework/Versions/A/Frameworks/JavaNativeFoundation.framework/Versions/A/JavaNativeFoundation
0x00000001200e7000 	/System/Library/Frameworks/JavaVM.framework/Versions/A/JavaVM
0x0000000000b69000 	/System/Library/Frameworks/Carbon.framework/Versions/A/Carbon
0x00000001200f4000 	/System/Library/PrivateFrameworks/JavaLaunching.framework/Versions/A/JavaLaunching
0x0000000000b69000 	/System/Library/Frameworks/Carbon.framework/Versions/A/Frameworks/CommonPanels.framework/Versions/A/CommonPanels
0x0000000000b69000 	/System/Library/Frameworks/Carbon.framework/Versions/A/Frameworks/Help.framework/Versions/A/Help
0x0000000000b69000 	/System/Library/Frameworks/Carbon.framework/Versions/A/Frameworks/ImageCapture.framework/Versions/A/ImageCapture
0x0000000000b69000 	/System/Library/Frameworks/Carbon.framework/Versions/A/Frameworks/OpenScripting.framework/Versions/A/OpenScripting
0x0000000000b69000 	/System/Library/Frameworks/Carbon.framework/Versions/A/Frameworks/Print.framework/Versions/A/Print
0x0000000000b69000 	/System/Library/Frameworks/Carbon.framework/Versions/A/Frameworks/SecurityHI.framework/Versions/A/SecurityHI

VM Arguments:
java_command: <unknown>
java_class_path (initial): .
Launcher Type: SUN_STANDARD

Environment Variables:
PATH=/usr/bin:/bin:/usr/sbin:/sbin
SHELL=/bin/bash

Signal Handlers:
SIGSEGV: [libjvm.dylib+0x5a6d31], sa_mask[0]=11111111011111110111111111111111, sa_flags=SA_ONSTACK|SA_RESTART|SA_SIGINFO
SIGBUS: [libjvm.dylib+0x5a6d31], sa_mask[0]=11111111011111110111111111111111, sa_flags=SA_RESTART|SA_SIGINFO
SIGFPE: [libjvm.dylib+0x480a40], sa_mask[0]=11111111011111110111111111111111, sa_flags=SA_RESTART|SA_SIGINFO
SIGPIPE: [libjvm.dylib+0x480a40], sa_mask[0]=11111111011111110111111111111111, sa_flags=SA_RESTART|SA_SIGINFO
SIGXFSZ: [libjvm.dylib+0x480a40], sa_mask[0]=11111111011111110111111111111111, sa_flags=SA_RESTART|SA_SIGINFO
SIGILL: [libjvm.dylib+0x480a40], sa_mask[0]=11111111011111110111111111111111, sa_flags=SA_RESTART|SA_SIGINFO
SIGUSR1: SIG_DFL, sa_mask[0]=00000000000000000000000000000000, sa_flags=none
SIGUSR2: [libjvm.dylib+0x48055e], sa_mask[0]=00100000000000000000000000000000, sa_flags=SA_RESTART|SA_SIGINFO
SIGHUP: [libjvm.dylib+0x47eb35], sa_mask[0]=11111111011111110111111111111111, sa_flags=SA_RESTART|SA_SIGINFO
SIGINT: [libjvm.dylib+0x47eb35], sa_mask[0]=11111111011111110111111111111111, sa_flags=SA_RESTART|SA_SIGINFO
SIGTERM: [libjvm.dylib+0x47eb35], sa_mask[0]=11111111011111110111111111111111, sa_flags=SA_RESTART|SA_SIGINFO
SIGQUIT: SIG_DFL, sa_mask[0]=11111111011111110111111111111111, sa_flags=SA_RESTART|SA_SIGINFO


---------------  S Y S T E M  ---------------

OS:Bsduname:Darwin 15.4.0 Darwin Kernel Version 15.4.0: Fri Feb 26 22:08:05 PST 2016; root:xnu-3248.40.184~3/RELEASE_X86_64 x86_64
rlimit: STACK 8192k, CORE 0k, NPROC 709, NOFILE 10240, AS infinity
load average:2.66 3.15 2.47

CPU:total 4 (2 cores per cpu, 2 threads per core) family 6 model 42 stepping 7, cmov, cx8, fxsr, mmx, sse, sse2, sse3, ssse3, sse4.1, sse4.2, popcnt, avx, aes, clmul, ht, tsc, tscinvbit

Memory: 4k page, physical 8388608k(112008k free)

/proc/meminfo:


vm_info: Java HotSpot(TM) 64-Bit Server VM (25.65-b01) for bsd-amd64 JRE (1.8.0_65-b17), built on Oct  6 2015 15:36:46 by "java_re" with gcc 4.2.1 (Based on Apple Inc. build 5658) (LLVM build 2336.11.00)

time: Mon May 23 09:47:50 2016
elapsed time: 0 seconds (0d 0h 0m 0s)

